<?xml version="1.0" encoding="UTF-8"?>
<testsuite xmlns:xsi="http://www.w3.org/2001/XMLSchema-instance" xsi:noNamespaceSchemaLocation="https://maven.apache.org/surefire/maven-surefire-plugin/xsd/surefire-test-report.xsd" name="com.simmon.shopstore.ShopstoreApplicationTests" time="0.013" tests="1" errors="0" skipped="0" failures="0">
  <properties>
    <property name="sun.desktop" value="windows"/>
    <property name="awt.toolkit" value="sun.awt.windows.WToolkit"/>
    <property name="file.encoding.pkg" value="sun.io"/>
    <property name="java.specification.version" value="1.8"/>
    <property name="sun.cpu.isalist" value="amd64"/>
    <property name="sun.jnu.encoding" value="GBK"/>
    <property name="java.class.path" value="E:\Practical training\shopstore\target\test-classes;E:\Practical training\shopstore\target\classes;D:\apache-maven-3.6.0\MavenRepository\org\apache\shiro\shiro-spring\1.5.3\shiro-spring-1.5.3.jar;D:\apache-maven-3.6.0\MavenRepository\org\apache\shiro\shiro-core\1.5.3\shiro-core-1.5.3.jar;D:\apache-maven-3.6.0\MavenRepository\org\apache\shiro\shiro-lang\1.5.3\shiro-lang-1.5.3.jar;D:\apache-maven-3.6.0\MavenRepository\org\apache\shiro\shiro-cache\1.5.3\shiro-cache-1.5.3.jar;D:\apache-maven-3.6.0\MavenRepository\org\apache\shiro\shiro-crypto-hash\1.5.3\shiro-crypto-hash-1.5.3.jar;D:\apache-maven-3.6.0\MavenRepository\org\apache\shiro\shiro-crypto-core\1.5.3\shiro-crypto-core-1.5.3.jar;D:\apache-maven-3.6.0\MavenRepository\org\apache\shiro\shiro-crypto-cipher\1.5.3\shiro-crypto-cipher-1.5.3.jar;D:\apache-maven-3.6.0\MavenRepository\org\apache\shiro\shiro-config-core\1.5.3\shiro-config-core-1.5.3.jar;D:\apache-maven-3.6.0\MavenRepository\org\apache\shiro\shiro-config-ogdl\1.5.3\shiro-config-ogdl-1.5.3.jar;D:\apache-maven-3.6.0\MavenRepository\commons-beanutils\commons-beanutils\1.9.4\commons-beanutils-1.9.4.jar;D:\apache-maven-3.6.0\MavenRepository\commons-collections\commons-collections\3.2.2\commons-collections-3.2.2.jar;D:\apache-maven-3.6.0\MavenRepository\org\apache\shiro\shiro-event\1.5.3\shiro-event-1.5.3.jar;D:\apache-maven-3.6.0\MavenRepository\org\apache\shiro\shiro-web\1.5.3\shiro-web-1.5.3.jar;D:\apache-maven-3.6.0\MavenRepository\org\owasp\encoder\encoder\1.2.2\encoder-1.2.2.jar;D:\apache-maven-3.6.0\MavenRepository\org\springframework\boot\spring-boot-starter-web\2.3.1.RELEASE\spring-boot-starter-web-2.3.1.RELEASE.jar;D:\apache-maven-3.6.0\MavenRepository\org\springframework\boot\spring-boot-starter\2.3.1.RELEASE\spring-boot-starter-2.3.1.RELEASE.jar;D:\apache-maven-3.6.0\MavenRepository\org\springframework\boot\spring-boot\2.3.1.RELEASE\spring-boot-2.3.1.RELEASE.jar;D:\apache-maven-3.6.0\MavenRepository\org\springframework\boot\spring-boot-autoconfigure\2.3.1.RELEASE\spring-boot-autoconfigure-2.3.1.RELEASE.jar;D:\apache-maven-3.6.0\MavenRepository\org\springframework\boot\spring-boot-starter-logging\2.3.1.RELEASE\spring-boot-starter-logging-2.3.1.RELEASE.jar;D:\apache-maven-3.6.0\MavenRepository\ch\qos\logback\logback-classic\1.2.3\logback-classic-1.2.3.jar;D:\apache-maven-3.6.0\MavenRepository\ch\qos\logback\logback-core\1.2.3\logback-core-1.2.3.jar;D:\apache-maven-3.6.0\MavenRepository\org\apache\logging\log4j\log4j-to-slf4j\2.13.3\log4j-to-slf4j-2.13.3.jar;D:\apache-maven-3.6.0\MavenRepository\org\apache\logging\log4j\log4j-api\2.13.3\log4j-api-2.13.3.jar;D:\apache-maven-3.6.0\MavenRepository\org\slf4j\jul-to-slf4j\1.7.30\jul-to-slf4j-1.7.30.jar;D:\apache-maven-3.6.0\MavenRepository\jakarta\annotation\jakarta.annotation-api\1.3.5\jakarta.annotation-api-1.3.5.jar;D:\apache-maven-3.6.0\MavenRepository\org\yaml\snakeyaml\1.26\snakeyaml-1.26.jar;D:\apache-maven-3.6.0\MavenRepository\org\springframework\boot\spring-boot-starter-json\2.3.1.RELEASE\spring-boot-starter-json-2.3.1.RELEASE.jar;D:\apache-maven-3.6.0\MavenRepository\com\fasterxml\jackson\core\jackson-databind\2.11.0\jackson-databind-2.11.0.jar;D:\apache-maven-3.6.0\MavenRepository\com\fasterxml\jackson\core\jackson-annotations\2.11.0\jackson-annotations-2.11.0.jar;D:\apache-maven-3.6.0\MavenRepository\com\fasterxml\jackson\core\jackson-core\2.11.0\jackson-core-2.11.0.jar;D:\apache-maven-3.6.0\MavenRepository\com\fasterxml\jackson\datatype\jackson-datatype-jdk8\2.11.0\jackson-datatype-jdk8-2.11.0.jar;D:\apache-maven-3.6.0\MavenRepository\com\fasterxml\jackson\datatype\jackson-datatype-jsr310\2.11.0\jackson-datatype-jsr310-2.11.0.jar;D:\apache-maven-3.6.0\MavenRepository\com\fasterxml\jackson\module\jackson-module-parameter-names\2.11.0\jackson-module-parameter-names-2.11.0.jar;D:\apache-maven-3.6.0\MavenRepository\org\springframework\boot\spring-boot-starter-tomcat\2.3.1.RELEASE\spring-boot-starter-tomcat-2.3.1.RELEASE.jar;D:\apache-maven-3.6.0\MavenRepository\org\apache\tomcat\embed\tomcat-embed-core\9.0.36\tomcat-embed-core-9.0.36.jar;D:\apache-maven-3.6.0\MavenRepository\org\glassfish\jakarta.el\3.0.3\jakarta.el-3.0.3.jar;D:\apache-maven-3.6.0\MavenRepository\org\apache\tomcat\embed\tomcat-embed-websocket\9.0.36\tomcat-embed-websocket-9.0.36.jar;D:\apache-maven-3.6.0\MavenRepository\org\springframework\spring-web\5.2.7.RELEASE\spring-web-5.2.7.RELEASE.jar;D:\apache-maven-3.6.0\MavenRepository\org\springframework\spring-beans\5.2.7.RELEASE\spring-beans-5.2.7.RELEASE.jar;D:\apache-maven-3.6.0\MavenRepository\org\springframework\spring-webmvc\5.2.7.RELEASE\spring-webmvc-5.2.7.RELEASE.jar;D:\apache-maven-3.6.0\MavenRepository\org\springframework\spring-aop\5.2.7.RELEASE\spring-aop-5.2.7.RELEASE.jar;D:\apache-maven-3.6.0\MavenRepository\org\springframework\spring-context\5.2.7.RELEASE\spring-context-5.2.7.RELEASE.jar;D:\apache-maven-3.6.0\MavenRepository\org\springframework\spring-expression\5.2.7.RELEASE\spring-expression-5.2.7.RELEASE.jar;D:\apache-maven-3.6.0\MavenRepository\org\springframework\boot\spring-boot-starter-thymeleaf\2.3.1.RELEASE\spring-boot-starter-thymeleaf-2.3.1.RELEASE.jar;D:\apache-maven-3.6.0\MavenRepository\org\thymeleaf\thymeleaf-spring5\3.0.11.RELEASE\thymeleaf-spring5-3.0.11.RELEASE.jar;D:\apache-maven-3.6.0\MavenRepository\org\thymeleaf\thymeleaf\3.0.11.RELEASE\thymeleaf-3.0.11.RELEASE.jar;D:\apache-maven-3.6.0\MavenRepository\org\attoparser\attoparser\2.0.5.RELEASE\attoparser-2.0.5.RELEASE.jar;D:\apache-maven-3.6.0\MavenRepository\org\unbescape\unbescape\1.1.6.RELEASE\unbescape-1.1.6.RELEASE.jar;D:\apache-maven-3.6.0\MavenRepository\org\slf4j\slf4j-api\1.7.30\slf4j-api-1.7.30.jar;D:\apache-maven-3.6.0\MavenRepository\org\thymeleaf\extras\thymeleaf-extras-java8time\3.0.4.RELEASE\thymeleaf-extras-java8time-3.0.4.RELEASE.jar;D:\apache-maven-3.6.0\MavenRepository\org\mybatis\spring\boot\mybatis-spring-boot-starter\1.3.1\mybatis-spring-boot-starter-1.3.1.jar;D:\apache-maven-3.6.0\MavenRepository\org\springframework\boot\spring-boot-starter-jdbc\2.3.1.RELEASE\spring-boot-starter-jdbc-2.3.1.RELEASE.jar;D:\apache-maven-3.6.0\MavenRepository\com\zaxxer\HikariCP\3.4.5\HikariCP-3.4.5.jar;D:\apache-maven-3.6.0\MavenRepository\org\springframework\spring-jdbc\5.2.7.RELEASE\spring-jdbc-5.2.7.RELEASE.jar;D:\apache-maven-3.6.0\MavenRepository\org\springframework\spring-tx\5.2.7.RELEASE\spring-tx-5.2.7.RELEASE.jar;D:\apache-maven-3.6.0\MavenRepository\org\mybatis\spring\boot\mybatis-spring-boot-autoconfigure\1.3.1\mybatis-spring-boot-autoconfigure-1.3.1.jar;D:\apache-maven-3.6.0\MavenRepository\org\mybatis\mybatis\3.4.5\mybatis-3.4.5.jar;D:\apache-maven-3.6.0\MavenRepository\org\mybatis\mybatis-spring\1.3.1\mybatis-spring-1.3.1.jar;D:\apache-maven-3.6.0\MavenRepository\mysql\mysql-connector-java\8.0.20\mysql-connector-java-8.0.20.jar;D:\apache-maven-3.6.0\MavenRepository\org\projectlombok\lombok\1.18.12\lombok-1.18.12.jar;D:\apache-maven-3.6.0\MavenRepository\com\github\pagehelper\pagehelper-spring-boot-starter\1.2.12\pagehelper-spring-boot-starter-1.2.12.jar;D:\apache-maven-3.6.0\MavenRepository\com\github\pagehelper\pagehelper-spring-boot-autoconfigure\1.2.12\pagehelper-spring-boot-autoconfigure-1.2.12.jar;D:\apache-maven-3.6.0\MavenRepository\com\github\pagehelper\pagehelper\5.1.10\pagehelper-5.1.10.jar;D:\apache-maven-3.6.0\MavenRepository\com\github\jsqlparser\jsqlparser\2.0\jsqlparser-2.0.jar;D:\apache-maven-3.6.0\MavenRepository\org\springframework\boot\spring-boot-starter-test\2.3.1.RELEASE\spring-boot-starter-test-2.3.1.RELEASE.jar;D:\apache-maven-3.6.0\MavenRepository\org\springframework\boot\spring-boot-test\2.3.1.RELEASE\spring-boot-test-2.3.1.RELEASE.jar;D:\apache-maven-3.6.0\MavenRepository\org\springframework\boot\spring-boot-test-autoconfigure\2.3.1.RELEASE\spring-boot-test-autoconfigure-2.3.1.RELEASE.jar;D:\apache-maven-3.6.0\MavenRepository\com\jayway\jsonpath\json-path\2.4.0\json-path-2.4.0.jar;D:\apache-maven-3.6.0\MavenRepository\net\minidev\json-smart\2.3\json-smart-2.3.jar;D:\apache-maven-3.6.0\MavenRepository\net\minidev\accessors-smart\1.2\accessors-smart-1.2.jar;D:\apache-maven-3.6.0\MavenRepository\org\ow2\asm\asm\5.0.4\asm-5.0.4.jar;D:\apache-maven-3.6.0\MavenRepository\jakarta\xml\bind\jakarta.xml.bind-api\2.3.3\jakarta.xml.bind-api-2.3.3.jar;D:\apache-maven-3.6.0\MavenRepository\jakarta\activation\jakarta.activation-api\1.2.2\jakarta.activation-api-1.2.2.jar;D:\apache-maven-3.6.0\MavenRepository\org\assertj\assertj-core\3.16.1\assertj-core-3.16.1.jar;D:\apache-maven-3.6.0\MavenRepository\org\hamcrest\hamcrest\2.2\hamcrest-2.2.jar;D:\apache-maven-3.6.0\MavenRepository\org\junit\jupiter\junit-jupiter\5.6.2\junit-jupiter-5.6.2.jar;D:\apache-maven-3.6.0\MavenRepository\org\junit\jupiter\junit-jupiter-api\5.6.2\junit-jupiter-api-5.6.2.jar;D:\apache-maven-3.6.0\MavenRepository\org\apiguardian\apiguardian-api\1.1.0\apiguardian-api-1.1.0.jar;D:\apache-maven-3.6.0\MavenRepository\org\opentest4j\opentest4j\1.2.0\opentest4j-1.2.0.jar;D:\apache-maven-3.6.0\MavenRepository\org\junit\platform\junit-platform-commons\1.6.2\junit-platform-commons-1.6.2.jar;D:\apache-maven-3.6.0\MavenRepository\org\junit\jupiter\junit-jupiter-params\5.6.2\junit-jupiter-params-5.6.2.jar;D:\apache-maven-3.6.0\MavenRepository\org\junit\jupiter\junit-jupiter-engine\5.6.2\junit-jupiter-engine-5.6.2.jar;D:\apache-maven-3.6.0\MavenRepository\org\junit\platform\junit-platform-engine\1.6.2\junit-platform-engine-1.6.2.jar;D:\apache-maven-3.6.0\MavenRepository\org\mockito\mockito-core\3.3.3\mockito-core-3.3.3.jar;D:\apache-maven-3.6.0\MavenRepository\net\bytebuddy\byte-buddy\1.10.11\byte-buddy-1.10.11.jar;D:\apache-maven-3.6.0\MavenRepository\net\bytebuddy\byte-buddy-agent\1.10.11\byte-buddy-agent-1.10.11.jar;D:\apache-maven-3.6.0\MavenRepository\org\objenesis\objenesis\2.6\objenesis-2.6.jar;D:\apache-maven-3.6.0\MavenRepository\org\mockito\mockito-junit-jupiter\3.3.3\mockito-junit-jupiter-3.3.3.jar;D:\apache-maven-3.6.0\MavenRepository\org\skyscreamer\jsonassert\1.5.0\jsonassert-1.5.0.jar;D:\apache-maven-3.6.0\MavenRepository\com\vaadin\external\google\android-json\0.0.20131108.vaadin1\android-json-0.0.20131108.vaadin1.jar;D:\apache-maven-3.6.0\MavenRepository\org\springframework\spring-core\5.2.7.RELEASE\spring-core-5.2.7.RELEASE.jar;D:\apache-maven-3.6.0\MavenRepository\org\springframework\spring-jcl\5.2.7.RELEASE\spring-jcl-5.2.7.RELEASE.jar;D:\apache-maven-3.6.0\MavenRepository\org\springframework\spring-test\5.2.7.RELEASE\spring-test-5.2.7.RELEASE.jar;D:\apache-maven-3.6.0\MavenRepository\org\xmlunit\xmlunit-core\2.7.0\xmlunit-core-2.7.0.jar;"/>
    <property name="java.vm.vendor" value="Oracle Corporation"/>
    <property name="sun.arch.data.model" value="64"/>
    <property name="user.variant" value=""/>
    <property name="java.vendor.url" value="http://java.oracle.com/"/>
    <property name="user.timezone" value="Asia/Shanghai"/>
    <property name="java.vm.specification.version" value="1.8"/>
    <property name="os.name" value="Windows 10"/>
    <property name="user.country" value="CN"/>
    <property name="sun.java.launcher" value="SUN_STANDARD"/>
    <property name="sun.boot.library.path" value="E:\jar\jdk1.8\jre\bin"/>
    <property name="sun.java.command" value="C:\Users\11496\AppData\Local\Temp\surefire1739337156685479626\surefirebooter5403862769539481845.jar C:\Users\11496\AppData\Local\Temp\surefire1739337156685479626 2020-07-07T16-12-00_036-jvmRun1 surefire6549510846978645657tmp surefire_07100819430317607113tmp"/>
    <property name="surefire.test.class.path" value="E:\Practical training\shopstore\target\test-classes;E:\Practical training\shopstore\target\classes;D:\apache-maven-3.6.0\MavenRepository\org\apache\shiro\shiro-spring\1.5.3\shiro-spring-1.5.3.jar;D:\apache-maven-3.6.0\MavenRepository\org\apache\shiro\shiro-core\1.5.3\shiro-core-1.5.3.jar;D:\apache-maven-3.6.0\MavenRepository\org\apache\shiro\shiro-lang\1.5.3\shiro-lang-1.5.3.jar;D:\apache-maven-3.6.0\MavenRepository\org\apache\shiro\shiro-cache\1.5.3\shiro-cache-1.5.3.jar;D:\apache-maven-3.6.0\MavenRepository\org\apache\shiro\shiro-crypto-hash\1.5.3\shiro-crypto-hash-1.5.3.jar;D:\apache-maven-3.6.0\MavenRepository\org\apache\shiro\shiro-crypto-core\1.5.3\shiro-crypto-core-1.5.3.jar;D:\apache-maven-3.6.0\MavenRepository\org\apache\shiro\shiro-crypto-cipher\1.5.3\shiro-crypto-cipher-1.5.3.jar;D:\apache-maven-3.6.0\MavenRepository\org\apache\shiro\shiro-config-core\1.5.3\shiro-config-core-1.5.3.jar;D:\apache-maven-3.6.0\MavenRepository\org\apache\shiro\shiro-config-ogdl\1.5.3\shiro-config-ogdl-1.5.3.jar;D:\apache-maven-3.6.0\MavenRepository\commons-beanutils\commons-beanutils\1.9.4\commons-beanutils-1.9.4.jar;D:\apache-maven-3.6.0\MavenRepository\commons-collections\commons-collections\3.2.2\commons-collections-3.2.2.jar;D:\apache-maven-3.6.0\MavenRepository\org\apache\shiro\shiro-event\1.5.3\shiro-event-1.5.3.jar;D:\apache-maven-3.6.0\MavenRepository\org\apache\shiro\shiro-web\1.5.3\shiro-web-1.5.3.jar;D:\apache-maven-3.6.0\MavenRepository\org\owasp\encoder\encoder\1.2.2\encoder-1.2.2.jar;D:\apache-maven-3.6.0\MavenRepository\org\springframework\boot\spring-boot-starter-web\2.3.1.RELEASE\spring-boot-starter-web-2.3.1.RELEASE.jar;D:\apache-maven-3.6.0\MavenRepository\org\springframework\boot\spring-boot-starter\2.3.1.RELEASE\spring-boot-starter-2.3.1.RELEASE.jar;D:\apache-maven-3.6.0\MavenRepository\org\springframework\boot\spring-boot\2.3.1.RELEASE\spring-boot-2.3.1.RELEASE.jar;D:\apache-maven-3.6.0\MavenRepository\org\springframework\boot\spring-boot-autoconfigure\2.3.1.RELEASE\spring-boot-autoconfigure-2.3.1.RELEASE.jar;D:\apache-maven-3.6.0\MavenRepository\org\springframework\boot\spring-boot-starter-logging\2.3.1.RELEASE\spring-boot-starter-logging-2.3.1.RELEASE.jar;D:\apache-maven-3.6.0\MavenRepository\ch\qos\logback\logback-classic\1.2.3\logback-classic-1.2.3.jar;D:\apache-maven-3.6.0\MavenRepository\ch\qos\logback\logback-core\1.2.3\logback-core-1.2.3.jar;D:\apache-maven-3.6.0\MavenRepository\org\apache\logging\log4j\log4j-to-slf4j\2.13.3\log4j-to-slf4j-2.13.3.jar;D:\apache-maven-3.6.0\MavenRepository\org\apache\logging\log4j\log4j-api\2.13.3\log4j-api-2.13.3.jar;D:\apache-maven-3.6.0\MavenRepository\org\slf4j\jul-to-slf4j\1.7.30\jul-to-slf4j-1.7.30.jar;D:\apache-maven-3.6.0\MavenRepository\jakarta\annotation\jakarta.annotation-api\1.3.5\jakarta.annotation-api-1.3.5.jar;D:\apache-maven-3.6.0\MavenRepository\org\yaml\snakeyaml\1.26\snakeyaml-1.26.jar;D:\apache-maven-3.6.0\MavenRepository\org\springframework\boot\spring-boot-starter-json\2.3.1.RELEASE\spring-boot-starter-json-2.3.1.RELEASE.jar;D:\apache-maven-3.6.0\MavenRepository\com\fasterxml\jackson\core\jackson-databind\2.11.0\jackson-databind-2.11.0.jar;D:\apache-maven-3.6.0\MavenRepository\com\fasterxml\jackson\core\jackson-annotations\2.11.0\jackson-annotations-2.11.0.jar;D:\apache-maven-3.6.0\MavenRepository\com\fasterxml\jackson\core\jackson-core\2.11.0\jackson-core-2.11.0.jar;D:\apache-maven-3.6.0\MavenRepository\com\fasterxml\jackson\datatype\jackson-datatype-jdk8\2.11.0\jackson-datatype-jdk8-2.11.0.jar;D:\apache-maven-3.6.0\MavenRepository\com\fasterxml\jackson\datatype\jackson-datatype-jsr310\2.11.0\jackson-datatype-jsr310-2.11.0.jar;D:\apache-maven-3.6.0\MavenRepository\com\fasterxml\jackson\module\jackson-module-parameter-names\2.11.0\jackson-module-parameter-names-2.11.0.jar;D:\apache-maven-3.6.0\MavenRepository\org\springframework\boot\spring-boot-starter-tomcat\2.3.1.RELEASE\spring-boot-starter-tomcat-2.3.1.RELEASE.jar;D:\apache-maven-3.6.0\MavenRepository\org\apache\tomcat\embed\tomcat-embed-core\9.0.36\tomcat-embed-core-9.0.36.jar;D:\apache-maven-3.6.0\MavenRepository\org\glassfish\jakarta.el\3.0.3\jakarta.el-3.0.3.jar;D:\apache-maven-3.6.0\MavenRepository\org\apache\tomcat\embed\tomcat-embed-websocket\9.0.36\tomcat-embed-websocket-9.0.36.jar;D:\apache-maven-3.6.0\MavenRepository\org\springframework\spring-web\5.2.7.RELEASE\spring-web-5.2.7.RELEASE.jar;D:\apache-maven-3.6.0\MavenRepository\org\springframework\spring-beans\5.2.7.RELEASE\spring-beans-5.2.7.RELEASE.jar;D:\apache-maven-3.6.0\MavenRepository\org\springframework\spring-webmvc\5.2.7.RELEASE\spring-webmvc-5.2.7.RELEASE.jar;D:\apache-maven-3.6.0\MavenRepository\org\springframework\spring-aop\5.2.7.RELEASE\spring-aop-5.2.7.RELEASE.jar;D:\apache-maven-3.6.0\MavenRepository\org\springframework\spring-context\5.2.7.RELEASE\spring-context-5.2.7.RELEASE.jar;D:\apache-maven-3.6.0\MavenRepository\org\springframework\spring-expression\5.2.7.RELEASE\spring-expression-5.2.7.RELEASE.jar;D:\apache-maven-3.6.0\MavenRepository\org\springframework\boot\spring-boot-starter-thymeleaf\2.3.1.RELEASE\spring-boot-starter-thymeleaf-2.3.1.RELEASE.jar;D:\apache-maven-3.6.0\MavenRepository\org\thymeleaf\thymeleaf-spring5\3.0.11.RELEASE\thymeleaf-spring5-3.0.11.RELEASE.jar;D:\apache-maven-3.6.0\MavenRepository\org\thymeleaf\thymeleaf\3.0.11.RELEASE\thymeleaf-3.0.11.RELEASE.jar;D:\apache-maven-3.6.0\MavenRepository\org\attoparser\attoparser\2.0.5.RELEASE\attoparser-2.0.5.RELEASE.jar;D:\apache-maven-3.6.0\MavenRepository\org\unbescape\unbescape\1.1.6.RELEASE\unbescape-1.1.6.RELEASE.jar;D:\apache-maven-3.6.0\MavenRepository\org\slf4j\slf4j-api\1.7.30\slf4j-api-1.7.30.jar;D:\apache-maven-3.6.0\MavenRepository\org\thymeleaf\extras\thymeleaf-extras-java8time\3.0.4.RELEASE\thymeleaf-extras-java8time-3.0.4.RELEASE.jar;D:\apache-maven-3.6.0\MavenRepository\org\mybatis\spring\boot\mybatis-spring-boot-starter\1.3.1\mybatis-spring-boot-starter-1.3.1.jar;D:\apache-maven-3.6.0\MavenRepository\org\springframework\boot\spring-boot-starter-jdbc\2.3.1.RELEASE\spring-boot-starter-jdbc-2.3.1.RELEASE.jar;D:\apache-maven-3.6.0\MavenRepository\com\zaxxer\HikariCP\3.4.5\HikariCP-3.4.5.jar;D:\apache-maven-3.6.0\MavenRepository\org\springframework\spring-jdbc\5.2.7.RELEASE\spring-jdbc-5.2.7.RELEASE.jar;D:\apache-maven-3.6.0\MavenRepository\org\springframework\spring-tx\5.2.7.RELEASE\spring-tx-5.2.7.RELEASE.jar;D:\apache-maven-3.6.0\MavenRepository\org\mybatis\spring\boot\mybatis-spring-boot-autoconfigure\1.3.1\mybatis-spring-boot-autoconfigure-1.3.1.jar;D:\apache-maven-3.6.0\MavenRepository\org\mybatis\mybatis\3.4.5\mybatis-3.4.5.jar;D:\apache-maven-3.6.0\MavenRepository\org\mybatis\mybatis-spring\1.3.1\mybatis-spring-1.3.1.jar;D:\apache-maven-3.6.0\MavenRepository\mysql\mysql-connector-java\8.0.20\mysql-connector-java-8.0.20.jar;D:\apache-maven-3.6.0\MavenRepository\org\projectlombok\lombok\1.18.12\lombok-1.18.12.jar;D:\apache-maven-3.6.0\MavenRepository\com\github\pagehelper\pagehelper-spring-boot-starter\1.2.12\pagehelper-spring-boot-starter-1.2.12.jar;D:\apache-maven-3.6.0\MavenRepository\com\github\pagehelper\pagehelper-spring-boot-autoconfigure\1.2.12\pagehelper-spring-boot-autoconfigure-1.2.12.jar;D:\apache-maven-3.6.0\MavenRepository\com\github\pagehelper\pagehelper\5.1.10\pagehelper-5.1.10.jar;D:\apache-maven-3.6.0\MavenRepository\com\github\jsqlparser\jsqlparser\2.0\jsqlparser-2.0.jar;D:\apache-maven-3.6.0\MavenRepository\org\springframework\boot\spring-boot-starter-test\2.3.1.RELEASE\spring-boot-starter-test-2.3.1.RELEASE.jar;D:\apache-maven-3.6.0\MavenRepository\org\springframework\boot\spring-boot-test\2.3.1.RELEASE\spring-boot-test-2.3.1.RELEASE.jar;D:\apache-maven-3.6.0\MavenRepository\org\springframework\boot\spring-boot-test-autoconfigure\2.3.1.RELEASE\spring-boot-test-autoconfigure-2.3.1.RELEASE.jar;D:\apache-maven-3.6.0\MavenRepository\com\jayway\jsonpath\json-path\2.4.0\json-path-2.4.0.jar;D:\apache-maven-3.6.0\MavenRepository\net\minidev\json-smart\2.3\json-smart-2.3.jar;D:\apache-maven-3.6.0\MavenRepository\net\minidev\accessors-smart\1.2\accessors-smart-1.2.jar;D:\apache-maven-3.6.0\MavenRepository\org\ow2\asm\asm\5.0.4\asm-5.0.4.jar;D:\apache-maven-3.6.0\MavenRepository\jakarta\xml\bind\jakarta.xml.bind-api\2.3.3\jakarta.xml.bind-api-2.3.3.jar;D:\apache-maven-3.6.0\MavenRepository\jakarta\activation\jakarta.activation-api\1.2.2\jakarta.activation-api-1.2.2.jar;D:\apache-maven-3.6.0\MavenRepository\org\assertj\assertj-core\3.16.1\assertj-core-3.16.1.jar;D:\apache-maven-3.6.0\MavenRepository\org\hamcrest\hamcrest\2.2\hamcrest-2.2.jar;D:\apache-maven-3.6.0\MavenRepository\org\junit\jupiter\junit-jupiter\5.6.2\junit-jupiter-5.6.2.jar;D:\apache-maven-3.6.0\MavenRepository\org\junit\jupiter\junit-jupiter-api\5.6.2\junit-jupiter-api-5.6.2.jar;D:\apache-maven-3.6.0\MavenRepository\org\apiguardian\apiguardian-api\1.1.0\apiguardian-api-1.1.0.jar;D:\apache-maven-3.6.0\MavenRepository\org\opentest4j\opentest4j\1.2.0\opentest4j-1.2.0.jar;D:\apache-maven-3.6.0\MavenRepository\org\junit\platform\junit-platform-commons\1.6.2\junit-platform-commons-1.6.2.jar;D:\apache-maven-3.6.0\MavenRepository\org\junit\jupiter\junit-jupiter-params\5.6.2\junit-jupiter-params-5.6.2.jar;D:\apache-maven-3.6.0\MavenRepository\org\junit\jupiter\junit-jupiter-engine\5.6.2\junit-jupiter-engine-5.6.2.jar;D:\apache-maven-3.6.0\MavenRepository\org\junit\platform\junit-platform-engine\1.6.2\junit-platform-engine-1.6.2.jar;D:\apache-maven-3.6.0\MavenRepository\org\mockito\mockito-core\3.3.3\mockito-core-3.3.3.jar;D:\apache-maven-3.6.0\MavenRepository\net\bytebuddy\byte-buddy\1.10.11\byte-buddy-1.10.11.jar;D:\apache-maven-3.6.0\MavenRepository\net\bytebuddy\byte-buddy-agent\1.10.11\byte-buddy-agent-1.10.11.jar;D:\apache-maven-3.6.0\MavenRepository\org\objenesis\objenesis\2.6\objenesis-2.6.jar;D:\apache-maven-3.6.0\MavenRepository\org\mockito\mockito-junit-jupiter\3.3.3\mockito-junit-jupiter-3.3.3.jar;D:\apache-maven-3.6.0\MavenRepository\org\skyscreamer\jsonassert\1.5.0\jsonassert-1.5.0.jar;D:\apache-maven-3.6.0\MavenRepository\com\vaadin\external\google\android-json\0.0.20131108.vaadin1\android-json-0.0.20131108.vaadin1.jar;D:\apache-maven-3.6.0\MavenRepository\org\springframework\spring-core\5.2.7.RELEASE\spring-core-5.2.7.RELEASE.jar;D:\apache-maven-3.6.0\MavenRepository\org\springframework\spring-jcl\5.2.7.RELEASE\spring-jcl-5.2.7.RELEASE.jar;D:\apache-maven-3.6.0\MavenRepository\org\springframework\spring-test\5.2.7.RELEASE\spring-test-5.2.7.RELEASE.jar;D:\apache-maven-3.6.0\MavenRepository\org\xmlunit\xmlunit-core\2.7.0\xmlunit-core-2.7.0.jar;"/>
    <property name="sun.cpu.endian" value="little"/>
    <property name="user.home" value="C:\Users\11496"/>
    <property name="user.language" value="zh"/>
    <property name="java.specification.vendor" value="Oracle Corporation"/>
    <property name="java.home" value="E:\jar\jdk1.8\jre"/>
    <property name="basedir" value="E:\Practical training\shopstore"/>
    <property name="file.separator" value="\"/>
    <property name="line.separator" value="&#10;"/>
    <property name="java.vm.specification.vendor" value="Oracle Corporation"/>
    <property name="java.specification.name" value="Java Platform API Specification"/>
    <property name="java.awt.graphicsenv" value="sun.awt.Win32GraphicsEnvironment"/>
    <property name="surefire.real.class.path" value="C:\Users\11496\AppData\Local\Temp\surefire1739337156685479626\surefirebooter5403862769539481845.jar"/>
    <property name="sun.boot.class.path" value="E:\jar\jdk1.8\jre\lib\resources.jar;E:\jar\jdk1.8\jre\lib\rt.jar;E:\jar\jdk1.8\jre\lib\sunrsasign.jar;E:\jar\jdk1.8\jre\lib\jsse.jar;E:\jar\jdk1.8\jre\lib\jce.jar;E:\jar\jdk1.8\jre\lib\charsets.jar;E:\jar\jdk1.8\jre\lib\jfr.jar;E:\jar\jdk1.8\jre\classes"/>
    <property name="user.script" value=""/>
    <property name="sun.management.compiler" value="HotSpot 64-Bit Tiered Compilers"/>
    <property name="java.runtime.version" value="1.8.0_251-b08"/>
    <property name="user.name" value="11496"/>
    <property name="path.separator" value=";"/>
    <property name="os.version" value="10.0"/>
    <property name="java.endorsed.dirs" value="E:\jar\jdk1.8\jre\lib\endorsed"/>
    <property name="java.runtime.name" value="Java(TM) SE Runtime Environment"/>
    <property name="file.encoding" value="GBK"/>
    <property name="java.vm.name" value="Java HotSpot(TM) 64-Bit Server VM"/>
    <property name="idea.version2020.1" value="true"/>
    <property name="localRepository" value="D:\apache-maven-3.6.0\MavenRepository"/>
    <property name="java.vendor.url.bug" value="http://bugreport.sun.com/bugreport/"/>
    <property name="java.io.tmpdir" value="C:\Users\11496\AppData\Local\Temp\"/>
    <property name="java.version" value="1.8.0_251"/>
    <property name="user.dir" value="E:\Practical training\shopstore"/>
    <property name="os.arch" value="amd64"/>
    <property name="java.vm.specification.name" value="Java Virtual Machine Specification"/>
    <property name="java.awt.printerjob" value="sun.awt.windows.WPrinterJob"/>
    <property name="sun.os.patch.level" value=""/>
    <property name="java.library.path" value="E:\jar\jdk1.8\jre\bin;C:\WINDOWS\Sun\Java\bin;C:\WINDOWS\system32;C:\WINDOWS;D:\APP\Xftp\;D:\APP\Xshell\;C:\Program Files (x86)\Common Files\Oracle\Java\javapath;C:\Program Files (x86)\NVIDIA Corporation\PhysX\Common;C:\Program Files\Java\jdk-12.0.1\bin;C:\Program Files\Java\jdk-12.0.1\jre;D:\apache-maven-3.6.0\bin;C:\Program Files (x86)\Intel\Intel(R) Management Engine Components\iCLS\;C:\Program Files\Intel\Intel(R) Management Engine Components\iCLS\;C:\Windows\system32;C:\Windows;C:\Windows\System32\Wbem;C:\Windows\System32\WindowsPowerShell\v1.0\;C:\Program Files (x86)\Intel\Intel(R) Management Engine Components\DAL;C:\Program Files\Intel\Intel(R) Management Engine Components\DAL;C:\Program Files (x86)\Intel\Intel(R) Management Engine Components\IPT;C:\Program Files\Intel\Intel(R) Management Engine Components\IPT;C:\Program Files\Intel\WiFi\bin\;C:\Program Files\Common Files\Intel\WirelessCommon\;C:\WINDOWS\system32;C:\WINDOWS;C:\WINDOWS\System32\Wbem;C:\WINDOWS\System32\WindowsPowerShell\v1.0\;C:\WINDOWS\System32\OpenSSH\;C:\WINDOWS\system32\config\systemprofile\.dnx\bin;C:\Program Files\Microsoft DNX\Dnvm\;C:\Program Files (x86)\Microsoft SQL Server\100\Tools\Binn\;C:\Program Files\Microsoft SQL Server\100\Tools\Binn\;C:\Program Files\Microsoft SQL Server\100\DTS\Binn\;C:\Program Files (x86)\Microsoft SQL Server\100\Tools\Binn\VSShell\Common7\IDE\;C:\Program Files (x86)\Microsoft Visual Studio 9.0\Common7\IDE\PrivateAssemblies\;C:\Program Files (x86)\Microsoft SQL Server\100\DTS\Binn\;C:\Program Files (x86)\MySQL\MySQL Utilities 1.6\C:\Program Files\MySQL\MySQL Server 5.7\bin;C:\Program Files\Git\cmd;D:\node\;C:\Program Files (x86)\Windows Kits\8.1\Windows Performance Toolkit\;C:\Users\11496\AppData\Local\Microsoft\WindowsApps;;D:\Study\java\IntelliJ IDEA 2020.1\bin;;D:\Study\WebStorm\WebStorm 2019.3.1\bin;;C:\Users\11496\AppData\Roaming\npm;."/>
    <property name="java.vm.info" value="mixed mode"/>
    <property name="java.vendor" value="Oracle Corporation"/>
    <property name="java.vm.version" value="25.251-b08"/>
    <property name="java.ext.dirs" value="E:\jar\jdk1.8\jre\lib\ext;C:\WINDOWS\Sun\Java\lib\ext"/>
    <property name="sun.io.unicode.encoding" value="UnicodeLittle"/>
    <property name="java.class.version" value="52.0"/>
  </properties>
  <testcase name="contextLoads" classname="com.simmon.shopstore.ShopstoreApplicationTests" time="0.001"/>
</testsuite>